2021-01-22 15:43:55,359 DEBUG - 27.109ms,commonrequest:getBlockNumber:DONE
2021-01-22 15:43:55,416 DEBUG - 56.801ms,commonrequest:getClientVersion:DONE
2021-01-22 15:56:20,200 DEBUG - 30.982ms,commonrequest:getBlockNumber:DONE
2021-01-22 15:57:07,430 DEBUG - 29.508ms,commonrequest:getBlockNumber:DONE
2021-01-22 15:57:09,180 DEBUG - 548.253ms,commonrequest:sendRawTransaction:DONE
2021-01-22 15:57:09,714 DEBUG - 514.281ms,commonrequest:sendRawTransaction:DONE
2021-01-22 15:57:09,752 DEBUG - 32.758ms,commonrequest:getTransactionByHash:DONE
2021-01-22 15:57:09,790 DEBUG - 34.395ms,commonrequest:call:DONE
2021-01-22 15:57:09,825 DEBUG - 32.699ms,commonrequest:call:DONE
2021-01-22 15:57:09,857 DEBUG - 31.102ms,commonrequest:call:DONE
2021-01-22 15:57:09,890 DEBUG - 30.439ms,commonrequest:call:DONE
2021-01-22 16:15:16,369 DEBUG - 25.518ms,commonrequest:getBlockNumber:DONE
2021-01-22 16:15:16,416 DEBUG - 45.749ms,commonrequest:getClientVersion:DONE
2021-01-22 16:15:16,440 DEBUG - 24.457ms,commonrequest:getBlockNumber:DONE
2021-01-22 16:15:16,465 DEBUG - 24.499ms,commonrequest:getPeers:DONE
2021-01-22 16:15:16,495 DEBUG - 30.030ms,commonrequest:getBlockByNumber:DONE
2021-01-22 16:15:16,522 DEBUG - 26.528ms,commonrequest:getBlockHashByNumber:DONE
2021-01-22 16:15:16,551 DEBUG - 28.445ms,commonrequest:getBlockByHash:DONE
2021-01-22 16:15:16,580 DEBUG - 28.097ms,commonrequest:getTransactionByHash:DONE
2021-01-22 16:15:16,609 DEBUG - 28.318ms,commonrequest:getTransactionByBlockHashAndIndex:DONE
2021-01-22 16:15:16,635 DEBUG - 25.608ms,commonrequest:getTransactionByBlockNumberAndIndex:DONE
2021-01-22 16:15:16,665 DEBUG - 29.090ms,commonrequest:getTransactionReceipt:DONE
2021-01-22 16:15:16,691 DEBUG - 25.569ms,commonrequest:getPendingTransactions:DONE
2021-01-22 16:15:16,715 DEBUG - 24.613ms,commonrequest:getPendingTxSize:DONE
2021-01-22 16:15:16,739 DEBUG - 23.258ms,commonrequest:getTotalTransactionCount:DONE
2021-01-22 16:15:16,764 DEBUG - 24.893ms,commonrequest:getSystemConfigByKey:DONE
2021-01-22 16:15:16,792 DEBUG - 27.582ms,commonrequest:getPbftView:DONE
2021-01-22 16:15:16,816 DEBUG - 23.913ms,commonrequest:getSealerList:DONE
2021-01-22 16:15:16,840 DEBUG - 23.411ms,commonrequest:getObserverList:DONE
2021-01-22 16:15:16,865 DEBUG - 25.074ms,commonrequest:getConsensusStatus:DONE
2021-01-22 16:15:16,892 DEBUG - 27.002ms,commonrequest:getSyncStatus:DONE
2021-01-22 16:15:16,917 DEBUG - 24.555ms,commonrequest:getGroupPeers:DONE
2021-01-22 16:15:16,940 DEBUG - 23.339ms,commonrequest:getNodeIDList:DONE
2021-01-22 16:15:16,966 DEBUG - 24.929ms,commonrequest:getGroupList:DONE
2021-01-22 08:45:17,290 DEBUG - 25.735ms,commonrequest:getBlockNumber:DONE
2021-01-22 08:45:17,341 DEBUG - 49.547ms,commonrequest:getClientVersion:DONE
2021-01-22 08:45:17,365 DEBUG - 24.137ms,commonrequest:getBlockNumber:DONE
2021-01-22 08:45:17,389 DEBUG - 24.128ms,commonrequest:getPeers:DONE
2021-01-22 08:45:17,415 DEBUG - 25.372ms,commonrequest:getBlockByNumber:DONE
2021-01-22 08:45:17,443 DEBUG - 26.952ms,commonrequest:getBlockHashByNumber:DONE
2021-01-22 08:45:17,468 DEBUG - 24.825ms,commonrequest:getBlockByHash:DONE
2021-01-22 08:45:17,501 DEBUG - 28.773ms,commonrequest:getTransactionByHash:DONE
2021-01-22 08:45:17,527 DEBUG - 25.743ms,commonrequest:getTransactionByBlockHashAndIndex:DONE
2021-01-22 08:45:17,551 DEBUG - 23.740ms,commonrequest:getTransactionByBlockNumberAndIndex:DONE
2021-01-22 08:45:17,582 DEBUG - 26.396ms,commonrequest:getTransactionReceipt:DONE
2021-01-22 08:45:17,607 DEBUG - 24.939ms,commonrequest:getPendingTransactions:DONE
2021-01-22 08:45:17,631 DEBUG - 23.842ms,commonrequest:getPendingTxSize:DONE
2021-01-22 08:45:17,656 DEBUG - 24.208ms,commonrequest:getTotalTransactionCount:DONE
2021-01-22 08:45:17,680 DEBUG - 24.156ms,commonrequest:getSystemConfigByKey:DONE
2021-01-22 08:45:17,704 DEBUG - 24.083ms,commonrequest:getPbftView:DONE
2021-01-22 08:45:17,728 DEBUG - 24.240ms,commonrequest:getSealerList:DONE
2021-01-22 08:45:17,752 DEBUG - 24.112ms,commonrequest:getObserverList:DONE
2021-01-22 08:45:17,778 DEBUG - 25.208ms,commonrequest:getConsensusStatus:DONE
2021-01-22 08:45:17,802 DEBUG - 23.897ms,commonrequest:getSyncStatus:DONE
2021-01-22 08:45:17,825 DEBUG - 22.679ms,commonrequest:getGroupPeers:DONE
2021-01-22 08:45:17,850 DEBUG - 25.505ms,commonrequest:getNodeIDList:DONE
2021-01-22 08:45:17,873 DEBUG - 22.887ms,commonrequest:getGroupList:DONE
2021-01-22 18:32:26,965 DEBUG - 28.020ms,commonrequest:getBlockNumber:DONE
2021-01-22 18:33:19,164 DEBUG - 25.005ms,commonrequest:getBlockNumber:DONE
2021-01-22 18:34:12,433 DEBUG - 25.676ms,commonrequest:getBlockNumber:DONE
2021-01-22 10:37:46,236 DEBUG - 25.197ms,commonrequest:getBlockNumber:DONE
2021-01-22 10:37:47,360 DEBUG - 80.248ms,commonrequest:sendRawTransaction:DONE
2021-01-22 10:37:47,475 DEBUG - 25.241ms,commonrequest:getBlockNumber:DONE
2021-01-22 10:37:48,942 DEBUG - 544.877ms,commonrequest:sendRawTransaction:DONE
2021-01-22 10:40:05,377 DEBUG - 26.872ms,commonrequest:getBlockNumber:DONE
2021-01-22 10:40:08,166 DEBUG - 25.472ms,commonrequest:getBlockNumber:DONE
2021-01-22 11:05:08,163 DEBUG - 27.911ms,commonrequest:getBlockNumber:DONE
2021-01-22 11:05:59,382 DEBUG - 25.650ms,commonrequest:getBlockNumber:DONE
2021-01-22 11:07:30,469 DEBUG - 30.219ms,commonrequest:getBlockNumber:DONE
2021-01-22 11:09:03,394 DEBUG - 29.251ms,commonrequest:getBlockNumber:DONE
2021-01-22 12:22:04,182 DEBUG - 25.182ms,commonrequest:getBlockNumber:DONE
2021-01-22 12:22:07,076 DEBUG - 24.774ms,commonrequest:getBlockNumber:DONE
2021-01-22 12:27:32,000 DEBUG - 34.025ms,commonrequest:getBlockNumber:DONE
2021-01-22 12:27:34,791 DEBUG - 28.819ms,commonrequest:getBlockNumber:DONE
2021-01-22 12:29:53,193 DEBUG - 28.298ms,commonrequest:getBlockNumber:DONE
2021-01-22 12:29:55,985 DEBUG - 24.659ms,commonrequest:getBlockNumber:DONE
2021-01-22 12:34:33,051 DEBUG - 31.498ms,commonrequest:getBlockNumber:DONE
2021-01-22 12:34:35,835 DEBUG - 28.548ms,commonrequest:getBlockNumber:DONE
2021-01-22 12:34:59,893 DEBUG - 25.029ms,commonrequest:getBlockNumber:DONE
2021-01-22 12:35:02,669 DEBUG - 41.423ms,commonrequest:getBlockNumber:DONE
2021-01-22 12:35:07,027 DEBUG - 71.036ms,commonrequest:sendRawTransaction:DONE
2021-01-22 12:37:14,300 DEBUG - 31.686ms,commonrequest:getBlockNumber:DONE
2021-01-22 12:37:17,219 DEBUG - 25.459ms,commonrequest:getBlockNumber:DONE
2021-01-22 12:37:18,930 DEBUG - 319.981ms,commonrequest:sendRawTransaction:DONE
2021-01-22 12:42:31,784 DEBUG - 25.694ms,commonrequest:getBlockNumber:DONE
2021-01-22 12:42:34,613 DEBUG - 28.595ms,commonrequest:getBlockNumber:DONE
2021-01-22 12:43:53,609 DEBUG - 431.940ms,commonrequest:sendRawTransaction:DONE
2021-01-22 13:17:23,646 DEBUG - 72.920ms,commonrequest:getBlockNumber:DONE
2021-01-22 13:17:27,317 DEBUG - 126.655ms,commonrequest:getBlockNumber:DONE
2021-01-22 13:17:58,466 DEBUG - 48.042ms,commonrequest:getBlockNumber:DONE
2021-01-22 13:18:01,380 DEBUG - 23.830ms,commonrequest:getBlockNumber:DONE
2021-01-22 13:18:20,577 DEBUG - 93.027ms,commonrequest:sendRawTransaction:DONE
2021-01-22 13:18:20,638 DEBUG - 60.485ms,commonrequest:getTransactionByHash:DONE
2021-01-22 13:35:43,591 DEBUG - 37.743ms,commonrequest:getBlockNumber:DONE
2021-01-22 13:35:46,995 DEBUG - 209.057ms,commonrequest:getBlockNumber:DONE
2021-01-22 13:38:11,790 DEBUG - 28.521ms,commonrequest:getBlockNumber:DONE
2021-01-22 13:38:14,513 DEBUG - 25.531ms,commonrequest:getBlockNumber:DONE
2021-01-22 13:38:21,402 DEBUG - 77.591ms,commonrequest:sendRawTransaction:DONE
2021-01-22 13:38:21,428 DEBUG - 25.336ms,commonrequest:getTransactionByHash:DONE
2021-01-22 13:46:58,301 DEBUG - 27.080ms,commonrequest:getBlockNumber:DONE
2021-01-22 13:47:31,085 DEBUG - 49.100ms,commonrequest:getBlockNumber:DONE
2021-01-22 13:47:34,826 DEBUG - 29.754ms,commonrequest:getBlockNumber:DONE
2021-01-22 13:54:02,269 DEBUG - 25.818ms,commonrequest:getBlockNumber:DONE
2021-01-22 13:54:05,006 DEBUG - 23.011ms,commonrequest:getBlockNumber:DONE
2021-01-22 13:54:28,895 DEBUG - 135.711ms,commonrequest:sendRawTransaction:DONE
2021-01-22 13:55:29,112 DEBUG - 57.194ms,commonrequest:sendRawTransaction:DONE
2021-01-22 13:55:29,137 DEBUG - 23.677ms,commonrequest:getTransactionByHash:DONE
2021-01-22 13:57:09,833 DEBUG - 79.589ms,commonrequest:sendRawTransaction:DONE
2021-01-22 13:57:09,858 DEBUG - 24.278ms,commonrequest:getTransactionByHash:DONE
2021-01-22 14:10:20,843 DEBUG - 121.812ms,commonrequest:sendRawTransaction:DONE
2021-01-22 14:10:20,866 DEBUG - 22.202ms,commonrequest:getTransactionByHash:DONE
2021-01-22 14:59:26,058 DEBUG - 24.505ms,commonrequest:getBlockNumber:DONE
2021-01-22 14:59:29,122 DEBUG - 36.487ms,commonrequest:getBlockNumber:DONE
2021-01-22 15:02:06,492 DEBUG - 23.683ms,commonrequest:getBlockNumber:DONE
2021-01-22 15:02:09,274 DEBUG - 28.695ms,commonrequest:getBlockNumber:DONE
2021-01-22 15:02:16,784 DEBUG - 119.467ms,commonrequest:sendRawTransaction:DONE
2021-01-22 15:03:58,920 DEBUG - 30.819ms,commonrequest:getBlockNumber:DONE
2021-01-22 15:04:01,530 DEBUG - 29.113ms,commonrequest:getBlockNumber:DONE
2021-01-22 15:06:12,864 DEBUG - 25.355ms,commonrequest:getBlockNumber:DONE
2021-01-22 15:06:15,455 DEBUG - 25.445ms,commonrequest:getBlockNumber:DONE
2021-01-22 15:07:52,019 DEBUG - 572.556ms,commonrequest:sendRawTransaction:DONE
2021-01-22 15:07:52,052 DEBUG - 27.372ms,commonrequest:getTransactionByHash:DONE
2021-01-22 15:17:39,666 DEBUG - 30.467ms,commonrequest:getBlockNumber:DONE
2021-01-22 15:17:42,550 DEBUG - 29.757ms,commonrequest:getBlockNumber:DONE
2021-01-22 15:18:36,687 DEBUG - 28.582ms,commonrequest:getBlockNumber:DONE
2021-01-22 15:18:39,485 DEBUG - 26.812ms,commonrequest:getBlockNumber:DONE
2021-01-22 15:21:05,374 DEBUG - 29.457ms,commonrequest:getBlockNumber:DONE
2021-01-22 15:21:08,224 DEBUG - 25.574ms,commonrequest:getBlockNumber:DONE
2021-01-22 15:23:29,128 DEBUG - 25.601ms,commonrequest:getBlockNumber:DONE
2021-01-22 15:23:31,982 DEBUG - 24.821ms,commonrequest:getBlockNumber:DONE
2021-01-22 15:23:40,169 DEBUG - 587.089ms,commonrequest:sendRawTransaction:DONE
2021-01-22 15:23:40,197 DEBUG - 26.471ms,commonrequest:getTransactionByHash:DONE
2021-01-22 15:23:58,928 DEBUG - 406.185ms,commonrequest:sendRawTransaction:DONE
2021-01-22 15:23:58,973 DEBUG - 44.149ms,commonrequest:getTransactionByHash:DONE
2021-01-22 15:26:49,423 DEBUG - 25.012ms,commonrequest:getBlockNumber:DONE
2021-01-22 15:26:52,199 DEBUG - 27.984ms,commonrequest:getBlockNumber:DONE
2021-01-22 15:27:04,258 DEBUG - 64.986ms,commonrequest:sendRawTransaction:DONE
2021-01-22 15:27:04,287 DEBUG - 28.685ms,commonrequest:getTransactionByHash:DONE
2021-01-23 06:59:49,542 DEBUG - 25.160ms,commonrequest:getBlockNumber:DONE
2021-01-23 06:59:52,421 DEBUG - 25.878ms,commonrequest:getBlockNumber:DONE
2021-01-23 07:00:08,913 DEBUG - 52.098ms,commonrequest:sendRawTransaction:DONE
2021-01-23 07:00:08,938 DEBUG - 24.090ms,commonrequest:getTransactionByHash:DONE
2021-01-23 07:00:50,789 DEBUG - 192.884ms,commonrequest:sendRawTransaction:DONE
2021-01-23 07:01:16,560 DEBUG - 81.116ms,commonrequest:sendRawTransaction:DONE
2021-01-23 07:01:16,587 DEBUG - 26.365ms,commonrequest:getTransactionByHash:DONE
2021-01-23 07:01:45,574 DEBUG - 98.535ms,commonrequest:sendRawTransaction:DONE
2021-01-23 07:01:45,600 DEBUG - 25.651ms,commonrequest:getTransactionByHash:DONE
2021-01-23 07:01:54,576 DEBUG - 58.388ms,commonrequest:sendRawTransaction:DONE
2021-01-23 07:01:54,601 DEBUG - 24.573ms,commonrequest:getTransactionByHash:DONE
2021-01-23 07:03:12,760 DEBUG - 88.004ms,commonrequest:sendRawTransaction:DONE
2021-01-23 07:03:12,788 DEBUG - 26.775ms,commonrequest:getTransactionByHash:DONE
2021-01-23 07:03:20,211 DEBUG - 26.586ms,commonrequest:getBlockNumber:DONE
2021-01-23 07:03:23,042 DEBUG - 28.210ms,commonrequest:getBlockNumber:DONE
2021-01-23 07:03:32,445 DEBUG - 216.093ms,commonrequest:sendRawTransaction:DONE
2021-01-23 07:03:32,477 DEBUG - 30.187ms,commonrequest:getTransactionByHash:DONE
2021-01-23 07:04:47,539 DEBUG - 170.403ms,commonrequest:sendRawTransaction:DONE
2021-01-23 07:04:47,575 DEBUG - 35.826ms,commonrequest:getTransactionByHash:DONE
2021-01-23 07:16:25,887 DEBUG - 77.383ms,commonrequest:sendRawTransaction:DONE
2021-01-23 07:16:25,919 DEBUG - 31.785ms,commonrequest:getTransactionByHash:DONE
2021-01-23 07:19:50,781 DEBUG - 29.219ms,commonrequest:getBlockNumber:DONE
2021-01-23 07:19:53,530 DEBUG - 30.023ms,commonrequest:getBlockNumber:DONE
2021-01-23 07:23:05,589 DEBUG - 26.446ms,commonrequest:getBlockNumber:DONE
2021-01-23 07:23:08,411 DEBUG - 37.035ms,commonrequest:getBlockNumber:DONE
2021-01-23 07:23:25,141 DEBUG - 48.936ms,commonrequest:sendRawTransaction:DONE
2021-01-23 07:23:25,166 DEBUG - 25.040ms,commonrequest:getTransactionByHash:DONE
2021-01-23 07:23:38,012 DEBUG - 594.561ms,commonrequest:sendRawTransaction:DONE
2021-01-23 07:23:38,107 DEBUG - 94.593ms,commonrequest:getTransactionByHash:DONE
2021-01-23 07:50:39,802 DEBUG - 38.591ms,commonrequest:getBlockNumber:DONE
2021-01-23 07:50:42,555 DEBUG - 47.703ms,commonrequest:getBlockNumber:DONE
2021-01-23 07:51:02,769 DEBUG - 545.268ms,commonrequest:sendRawTransaction:DONE
2021-01-23 07:52:50,109 DEBUG - 91.929ms,commonrequest:sendRawTransaction:DONE
2021-01-23 07:52:50,140 DEBUG - 29.289ms,commonrequest:getTransactionByHash:DONE
2021-01-23 08:05:30,882 DEBUG - 28.340ms,commonrequest:getBlockNumber:DONE
2021-01-23 08:05:33,752 DEBUG - 31.257ms,commonrequest:getBlockNumber:DONE
2021-01-23 08:06:25,193 DEBUG - 83.873ms,commonrequest:sendRawTransaction:DONE
2021-01-23 08:06:25,235 DEBUG - 40.482ms,commonrequest:getTransactionByHash:DONE
2021-01-23 08:07:56,519 DEBUG - 127.150ms,commonrequest:sendRawTransaction:DONE
2021-01-23 08:07:56,553 DEBUG - 32.330ms,commonrequest:getTransactionByHash:DONE
2021-01-23 08:08:01,357 DEBUG - 72.387ms,commonrequest:sendRawTransaction:DONE
2021-01-23 08:08:01,389 DEBUG - 31.584ms,commonrequest:getTransactionByHash:DONE
2021-01-23 08:12:47,746 DEBUG - 32.970ms,commonrequest:getBlockNumber:DONE
2021-01-23 08:12:50,550 DEBUG - 23.264ms,commonrequest:getBlockNumber:DONE
2021-01-23 08:17:31,403 DEBUG - 35.189ms,commonrequest:getBlockNumber:DONE
2021-01-23 08:17:34,138 DEBUG - 32.264ms,commonrequest:getBlockNumber:DONE
2021-01-23 08:18:11,083 DEBUG - 64.945ms,commonrequest:sendRawTransaction:DONE
2021-01-23 08:18:11,129 DEBUG - 45.113ms,commonrequest:getTransactionByHash:DONE
2021-01-23 08:18:53,100 DEBUG - 77.333ms,commonrequest:sendRawTransaction:DONE
2021-01-23 08:18:53,149 DEBUG - 48.116ms,commonrequest:getTransactionByHash:DONE
2021-01-23 08:31:44,448 DEBUG - 28.880ms,commonrequest:getBlockNumber:DONE
2021-01-23 08:31:47,711 DEBUG - 56.614ms,commonrequest:getBlockNumber:DONE
2021-01-23 08:32:34,433 DEBUG - 704.900ms,commonrequest:sendRawTransaction:DONE
2021-01-23 08:32:34,470 DEBUG - 34.255ms,commonrequest:getTransactionByHash:DONE
2021-01-23 08:39:38,800 DEBUG - 29.901ms,commonrequest:getBlockNumber:DONE
2021-01-23 08:39:41,605 DEBUG - 25.510ms,commonrequest:getBlockNumber:DONE
2021-01-23 08:41:06,903 DEBUG - 25.384ms,commonrequest:getBlockNumber:DONE
2021-01-23 08:41:09,785 DEBUG - 39.379ms,commonrequest:getBlockNumber:DONE
2021-01-23 08:41:44,829 DEBUG - 25.504ms,commonrequest:getBlockNumber:DONE
2021-01-23 08:41:47,445 DEBUG - 23.032ms,commonrequest:getBlockNumber:DONE
2021-01-23 08:41:51,181 DEBUG - 330.985ms,commonrequest:sendRawTransaction:DONE
2021-01-23 08:41:51,207 DEBUG - 24.950ms,commonrequest:getTransactionByHash:DONE
2021-01-23 08:44:34,015 DEBUG - 120.645ms,commonrequest:sendRawTransaction:DONE
2021-01-23 08:44:34,039 DEBUG - 24.074ms,commonrequest:getTransactionByHash:DONE
2021-01-23 08:44:43,584 DEBUG - 119.173ms,commonrequest:sendRawTransaction:DONE
2021-01-23 08:44:43,610 DEBUG - 25.408ms,commonrequest:getTransactionByHash:DONE
2021-01-23 08:45:14,776 DEBUG - 784.394ms,commonrequest:sendRawTransaction:DONE
2021-01-23 08:45:14,810 DEBUG - 33.209ms,commonrequest:getTransactionByHash:DONE
2021-01-23 08:45:21,903 DEBUG - 175.681ms,commonrequest:sendRawTransaction:DONE
2021-01-23 08:45:21,943 DEBUG - 39.395ms,commonrequest:getTransactionByHash:DONE
2021-01-23 08:46:05,110 DEBUG - 5266.022ms,commonrequest:sendRawTransaction:DONE
2021-01-23 08:46:05,135 DEBUG - 24.319ms,commonrequest:getTransactionByHash:DONE
2021-01-23 08:46:15,819 DEBUG - 551.754ms,commonrequest:sendRawTransaction:DONE
2021-01-23 08:46:15,849 DEBUG - 30.100ms,commonrequest:getTransactionByHash:DONE
2021-01-23 08:46:32,765 DEBUG - 73.510ms,commonrequest:sendRawTransaction:DONE
2021-01-23 08:46:32,802 DEBUG - 36.778ms,commonrequest:getTransactionByHash:DONE
2021-01-23 08:46:53,730 DEBUG - 561.444ms,commonrequest:sendRawTransaction:DONE
2021-01-23 08:46:53,757 DEBUG - 26.952ms,commonrequest:getTransactionByHash:DONE
2021-01-23 08:47:30,376 DEBUG - 449.176ms,commonrequest:sendRawTransaction:DONE
2021-01-23 08:47:30,409 DEBUG - 31.599ms,commonrequest:getTransactionByHash:DONE
2021-01-23 08:51:21,398 DEBUG - 30.565ms,commonrequest:getBlockNumber:DONE
2021-01-23 08:51:21,596 DEBUG - 25.948ms,commonrequest:getBlockNumber:DONE
2021-01-23 08:51:23,061 DEBUG - 56.412ms,commonrequest:getBlockNumber:DONE
2021-01-23 08:51:25,919 DEBUG - 79.809ms,commonrequest:getBlockNumber:DONE
2021-01-23 08:51:42,874 DEBUG - 300.823ms,commonrequest:sendRawTransaction:DONE
2021-01-23 08:51:42,911 DEBUG - 36.349ms,commonrequest:getTransactionByHash:DONE
2021-01-23 08:51:47,715 DEBUG - 77.632ms,commonrequest:sendRawTransaction:DONE
2021-01-23 08:51:47,749 DEBUG - 34.138ms,commonrequest:getTransactionByHash:DONE
2021-01-23 08:54:38,775 DEBUG - 932.713ms,commonrequest:sendRawTransaction:DONE
2021-01-23 08:54:38,826 DEBUG - 50.799ms,commonrequest:getTransactionByHash:DONE
2021-01-23 08:55:06,128 DEBUG - 94.215ms,commonrequest:sendRawTransaction:DONE
2021-01-23 08:55:06,165 DEBUG - 36.136ms,commonrequest:getTransactionByHash:DONE
2021-01-23 08:55:44,051 DEBUG - 511.611ms,commonrequest:sendRawTransaction:DONE
2021-01-23 08:55:44,091 DEBUG - 39.182ms,commonrequest:getTransactionByHash:DONE
2021-01-23 08:57:18,897 DEBUG - 2603.468ms,commonrequest:sendRawTransaction:DONE
2021-01-23 08:57:18,954 DEBUG - 56.734ms,commonrequest:getTransactionByHash:DONE
